[debug] [2022-12-23T16:44:22.288Z] ----------------------------------------------------------------------
[debug] [2022-12-23T16:44:22.290Z] Command:       C:\Users\Even\AppData\Local\Volta\tools\image\node\16.18.0\node.exe C:\Users\Even\AppData\Local\Volta\tools\image\packages\firebase-tools\node_modules\firebase-tools\lib\bin\firebase.js deploy --only functions
[debug] [2022-12-23T16:44:22.290Z] CLI Version:   11.16.1
[debug] [2022-12-23T16:44:22.290Z] Platform:      win32
[debug] [2022-12-23T16:44:22.290Z] Node Version:  v16.18.0
[debug] [2022-12-23T16:44:22.291Z] Time:          Fri Dec 23 2022 17:44:22 GMT+0100 (hora estándar de Europa central)
[debug] [2022-12-23T16:44:22.291Z] ----------------------------------------------------------------------
[debug] 
[debug] [2022-12-23T16:44:22.355Z] > command requires scopes: ["email","openid","https://www.googleapis.com/auth/cloudplatformprojects.readonly","https://www.googleapis.com/auth/firebase","https://www.googleapis.com/auth/cloud-platform"]
[debug] [2022-12-23T16:44:22.356Z] > authorizing via signed-in user (pedro.nieto.sanchez@gmail.com)
[debug] [2022-12-23T16:44:22.356Z] [iam] checking project eliminarlo2 for permissions ["cloudfunctions.functions.create","cloudfunctions.functions.delete","cloudfunctions.functions.get","cloudfunctions.functions.list","cloudfunctions.functions.update","cloudfunctions.operations.get","firebase.projects.get"]
[debug] [2022-12-23T16:44:22.357Z] > refreshing access token with scopes: []
[debug] [2022-12-23T16:44:22.359Z] >>> [apiv2][query] POST https://www.googleapis.com/oauth2/v3/token [none]
[debug] [2022-12-23T16:44:22.359Z] >>> [apiv2][body] POST https://www.googleapis.com/oauth2/v3/token [omitted]
[debug] [2022-12-23T16:44:22.607Z] <<< [apiv2][status] POST https://www.googleapis.com/oauth2/v3/token 200
[debug] [2022-12-23T16:44:22.608Z] <<< [apiv2][body] POST https://www.googleapis.com/oauth2/v3/token [omitted]
[debug] [2022-12-23T16:44:22.626Z] >>> [apiv2][query] POST https://cloudresourcemanager.googleapis.com/v1/projects/eliminarlo2:testIamPermissions [none]
[debug] [2022-12-23T16:44:22.626Z] >>> [apiv2][(partial)header] POST https://cloudresourcemanager.googleapis.com/v1/projects/eliminarlo2:testIamPermissions x-goog-quota-user=projects/eliminarlo2
[debug] [2022-12-23T16:44:22.626Z] >>> [apiv2][body] POST https://cloudresourcemanager.googleapis.com/v1/projects/eliminarlo2:testIamPermissions {"permissions":["cloudfunctions.functions.create","cloudfunctions.functions.delete","cloudfunctions.functions.get","cloudfunctions.functions.list","cloudfunctions.functions.update","cloudfunctions.operations.get","firebase.projects.get"]}
[debug] [2022-12-23T16:44:23.434Z] <<< [apiv2][status] POST https://cloudresourcemanager.googleapis.com/v1/projects/eliminarlo2:testIamPermissions 200
[debug] [2022-12-23T16:44:23.434Z] <<< [apiv2][body] POST https://cloudresourcemanager.googleapis.com/v1/projects/eliminarlo2:testIamPermissions {"permissions":["cloudfunctions.functions.create","cloudfunctions.functions.delete","cloudfunctions.functions.get","cloudfunctions.functions.list","cloudfunctions.functions.update","cloudfunctions.operations.get","firebase.projects.get"]}
[debug] [2022-12-23T16:44:23.435Z] >>> [apiv2][query] POST https://iam.googleapis.com/v1/projects/eliminarlo2/serviceAccounts/eliminarlo2@appspot.gserviceaccount.com:testIamPermissions [none]
[debug] [2022-12-23T16:44:23.435Z] >>> [apiv2][body] POST https://iam.googleapis.com/v1/projects/eliminarlo2/serviceAccounts/eliminarlo2@appspot.gserviceaccount.com:testIamPermissions {"permissions":["iam.serviceAccounts.actAs"]}
[debug] [2022-12-23T16:44:24.185Z] <<< [apiv2][status] POST https://iam.googleapis.com/v1/projects/eliminarlo2/serviceAccounts/eliminarlo2@appspot.gserviceaccount.com:testIamPermissions 200
[debug] [2022-12-23T16:44:24.185Z] <<< [apiv2][body] POST https://iam.googleapis.com/v1/projects/eliminarlo2/serviceAccounts/eliminarlo2@appspot.gserviceaccount.com:testIamPermissions {"permissions":["iam.serviceAccounts.actAs"]}
[info] 
[info] === Deploying to 'eliminarlo2'...
[info] 
[info] i  deploying functions 
[info] +  functions: Finished running predeploy script. 
[debug] [2022-12-23T16:44:24.188Z] >>> [apiv2][query] GET https://firebase.googleapis.com/v1beta1/projects/eliminarlo2 [none]
[debug] [2022-12-23T16:44:24.565Z] <<< [apiv2][status] GET https://firebase.googleapis.com/v1beta1/projects/eliminarlo2 200
[debug] [2022-12-23T16:44:24.565Z] <<< [apiv2][body] GET https://firebase.googleapis.com/v1beta1/projects/eliminarlo2 {"projectId":"eliminarlo2","projectNumber":"347973977710","displayName":"eliminarlo2","name":"projects/eliminarlo2","resources":{"hostingSite":"eliminarlo2","storageBucket":"eliminarlo2.appspot.com","locationId":"europe-west"},"state":"ACTIVE","etag":"1_c8eb9f77-9569-4620-bf07-27a6046d24bb"}
[info] i  functions: ensuring required API cloudfunctions.googleapis.com is enabled... 
[info] i  functions: ensuring required API cloudbuild.googleapis.com is enabled... 
[info] i  artifactregistry: ensuring required API artifactregistry.googleapis.com is enabled... 
[debug] [2022-12-23T16:44:24.567Z] >>> [apiv2][query] GET https://serviceusage.googleapis.com/v1/projects/eliminarlo2/services/cloudfunctions.googleapis.com [none]
[debug] [2022-12-23T16:44:24.567Z] >>> [apiv2][(partial)header] GET https://serviceusage.googleapis.com/v1/projects/eliminarlo2/services/cloudfunctions.googleapis.com x-goog-quota-user=projects/eliminarlo2
[debug] [2022-12-23T16:44:24.568Z] >>> [apiv2][query] GET https://serviceusage.googleapis.com/v1/projects/eliminarlo2/services/runtimeconfig.googleapis.com [none]
[debug] [2022-12-23T16:44:24.568Z] >>> [apiv2][(partial)header] GET https://serviceusage.googleapis.com/v1/projects/eliminarlo2/services/runtimeconfig.googleapis.com x-goog-quota-user=projects/eliminarlo2
[debug] [2022-12-23T16:44:24.569Z] >>> [apiv2][query] GET https://serviceusage.googleapis.com/v1/projects/eliminarlo2/services/cloudbuild.googleapis.com [none]
[debug] [2022-12-23T16:44:24.569Z] >>> [apiv2][(partial)header] GET https://serviceusage.googleapis.com/v1/projects/eliminarlo2/services/cloudbuild.googleapis.com x-goog-quota-user=projects/eliminarlo2
[debug] [2022-12-23T16:44:24.569Z] >>> [apiv2][query] GET https://serviceusage.googleapis.com/v1/projects/eliminarlo2/services/artifactregistry.googleapis.com [none]
[debug] [2022-12-23T16:44:24.570Z] >>> [apiv2][(partial)header] GET https://serviceusage.googleapis.com/v1/projects/eliminarlo2/services/artifactregistry.googleapis.com x-goog-quota-user=projects/eliminarlo2
[debug] [2022-12-23T16:44:25.621Z] <<< [apiv2][status] GET https://serviceusage.googleapis.com/v1/projects/eliminarlo2/services/artifactregistry.googleapis.com 200
[debug] [2022-12-23T16:44:25.621Z] <<< [apiv2][body] GET https://serviceusage.googleapis.com/v1/projects/eliminarlo2/services/artifactregistry.googleapis.com [omitted]
[info] +  artifactregistry: required API artifactregistry.googleapis.com is enabled 
[debug] [2022-12-23T16:44:25.627Z] <<< [apiv2][status] GET https://serviceusage.googleapis.com/v1/projects/eliminarlo2/services/runtimeconfig.googleapis.com 200
[debug] [2022-12-23T16:44:25.627Z] <<< [apiv2][body] GET https://serviceusage.googleapis.com/v1/projects/eliminarlo2/services/runtimeconfig.googleapis.com [omitted]
[debug] [2022-12-23T16:44:25.630Z] <<< [apiv2][status] GET https://serviceusage.googleapis.com/v1/projects/eliminarlo2/services/cloudbuild.googleapis.com 200
[debug] [2022-12-23T16:44:25.630Z] <<< [apiv2][body] GET https://serviceusage.googleapis.com/v1/projects/eliminarlo2/services/cloudbuild.googleapis.com [omitted]
[info] +  functions: required API cloudbuild.googleapis.com is enabled 
[debug] [2022-12-23T16:44:25.632Z] <<< [apiv2][status] GET https://serviceusage.googleapis.com/v1/projects/eliminarlo2/services/cloudfunctions.googleapis.com 200
[debug] [2022-12-23T16:44:25.632Z] <<< [apiv2][body] GET https://serviceusage.googleapis.com/v1/projects/eliminarlo2/services/cloudfunctions.googleapis.com [omitted]
[info] +  functions: required API cloudfunctions.googleapis.com is enabled 
[debug] [2022-12-23T16:44:25.633Z] >>> [apiv2][query] GET https://firebase.googleapis.com/v1beta1/projects/eliminarlo2/adminSdkConfig [none]
[debug] [2022-12-23T16:44:25.961Z] <<< [apiv2][status] GET https://firebase.googleapis.com/v1beta1/projects/eliminarlo2/adminSdkConfig 200
[debug] [2022-12-23T16:44:25.961Z] <<< [apiv2][body] GET https://firebase.googleapis.com/v1beta1/projects/eliminarlo2/adminSdkConfig {"projectId":"eliminarlo2","storageBucket":"eliminarlo2.appspot.com","locationId":"europe-west"}
[debug] [2022-12-23T16:44:25.961Z] >>> [apiv2][query] GET https://runtimeconfig.googleapis.com/v1beta1/projects/eliminarlo2/configs [none]
[debug] [2022-12-23T16:44:26.273Z] <<< [apiv2][status] GET https://runtimeconfig.googleapis.com/v1beta1/projects/eliminarlo2/configs 200
[debug] [2022-12-23T16:44:26.273Z] <<< [apiv2][body] GET https://runtimeconfig.googleapis.com/v1beta1/projects/eliminarlo2/configs {}
[info] i  functions: preparing codebase default for deployment 
