[debug] [2022-11-30T18:18:13.429Z] ----------------------------------------------------------------------
[debug] [2022-11-30T18:18:13.432Z] Command:       C:\Users\Even\AppData\Local\Volta\tools\image\node\14.18.0\node.exe C:\Users\Even\Desktop\lowcode-nocode\node_modules\firebase-tools\lib\bin\firebase.js deploy --only functions
[debug] [2022-11-30T18:18:13.432Z] CLI Version:   11.16.1
[debug] [2022-11-30T18:18:13.432Z] Platform:      win32
[debug] [2022-11-30T18:18:13.432Z] Node Version:  v14.18.0
[debug] [2022-11-30T18:18:13.433Z] Time:          Wed Nov 30 2022 19:18:13 GMT+0100 (hora estándar de Europa central)
[debug] [2022-11-30T18:18:13.433Z] ----------------------------------------------------------------------
[debug] 
[debug] [2022-11-30T18:18:13.502Z] > command requires scopes: ["email","openid","https://www.googleapis.com/auth/cloudplatformprojects.readonly","https://www.googleapis.com/auth/firebase","https://www.googleapis.com/auth/cloud-platform"]
[debug] [2022-11-30T18:18:13.502Z] > authorizing via signed-in user (pedro.nieto.sanchez@gmail.com)
[debug] [2022-11-30T18:18:13.502Z] [iam] checking project eliminarlo2 for permissions ["cloudfunctions.functions.create","cloudfunctions.functions.delete","cloudfunctions.functions.get","cloudfunctions.functions.list","cloudfunctions.functions.update","cloudfunctions.operations.get","firebase.projects.get"]
[debug] [2022-11-30T18:18:13.504Z] >>> [apiv2][query] POST https://cloudresourcemanager.googleapis.com/v1/projects/eliminarlo2:testIamPermissions [none]
[debug] [2022-11-30T18:18:13.504Z] >>> [apiv2][(partial)header] POST https://cloudresourcemanager.googleapis.com/v1/projects/eliminarlo2:testIamPermissions x-goog-quota-user=projects/eliminarlo2
[debug] [2022-11-30T18:18:13.504Z] >>> [apiv2][body] POST https://cloudresourcemanager.googleapis.com/v1/projects/eliminarlo2:testIamPermissions {"permissions":["cloudfunctions.functions.create","cloudfunctions.functions.delete","cloudfunctions.functions.get","cloudfunctions.functions.list","cloudfunctions.functions.update","cloudfunctions.operations.get","firebase.projects.get"]}
[debug] [2022-11-30T18:18:14.338Z] <<< [apiv2][status] POST https://cloudresourcemanager.googleapis.com/v1/projects/eliminarlo2:testIamPermissions 200
[debug] [2022-11-30T18:18:14.338Z] <<< [apiv2][body] POST https://cloudresourcemanager.googleapis.com/v1/projects/eliminarlo2:testIamPermissions {"permissions":["cloudfunctions.functions.create","cloudfunctions.functions.delete","cloudfunctions.functions.get","cloudfunctions.functions.list","cloudfunctions.functions.update","cloudfunctions.operations.get","firebase.projects.get"]}
[debug] [2022-11-30T18:18:14.339Z] >>> [apiv2][query] POST https://iam.googleapis.com/v1/projects/eliminarlo2/serviceAccounts/eliminarlo2@appspot.gserviceaccount.com:testIamPermissions [none]
[debug] [2022-11-30T18:18:14.339Z] >>> [apiv2][body] POST https://iam.googleapis.com/v1/projects/eliminarlo2/serviceAccounts/eliminarlo2@appspot.gserviceaccount.com:testIamPermissions {"permissions":["iam.serviceAccounts.actAs"]}
[debug] [2022-11-30T18:18:15.163Z] <<< [apiv2][status] POST https://iam.googleapis.com/v1/projects/eliminarlo2/serviceAccounts/eliminarlo2@appspot.gserviceaccount.com:testIamPermissions 200
[debug] [2022-11-30T18:18:15.163Z] <<< [apiv2][body] POST https://iam.googleapis.com/v1/projects/eliminarlo2/serviceAccounts/eliminarlo2@appspot.gserviceaccount.com:testIamPermissions {"permissions":["iam.serviceAccounts.actAs"]}
[info] 
[info] === Deploying to 'eliminarlo2'...
[info] 
[info] i  deploying functions 
[info] +  functions: Finished running predeploy script. 
[debug] [2022-11-30T18:18:15.171Z] >>> [apiv2][query] GET https://firebase.googleapis.com/v1beta1/projects/eliminarlo2 [none]
[debug] [2022-11-30T18:18:15.561Z] <<< [apiv2][status] GET https://firebase.googleapis.com/v1beta1/projects/eliminarlo2 200
[debug] [2022-11-30T18:18:15.562Z] <<< [apiv2][body] GET https://firebase.googleapis.com/v1beta1/projects/eliminarlo2 {"projectId":"eliminarlo2","projectNumber":"347973977710","displayName":"eliminarlo2","name":"projects/eliminarlo2","resources":{"hostingSite":"eliminarlo2"},"state":"ACTIVE","etag":"1_3d66bfc2-342e-453d-8339-73db12a06a3b"}
[info] i  functions: ensuring required API cloudfunctions.googleapis.com is enabled... 
[info] i  functions: ensuring required API cloudbuild.googleapis.com is enabled... 
[info] i  artifactregistry: ensuring required API artifactregistry.googleapis.com is enabled... 
[debug] [2022-11-30T18:18:15.565Z] >>> [apiv2][query] GET https://serviceusage.googleapis.com/v1/projects/eliminarlo2/services/cloudfunctions.googleapis.com [none]
[debug] [2022-11-30T18:18:15.565Z] >>> [apiv2][(partial)header] GET https://serviceusage.googleapis.com/v1/projects/eliminarlo2/services/cloudfunctions.googleapis.com x-goog-quota-user=projects/eliminarlo2
[debug] [2022-11-30T18:18:15.566Z] >>> [apiv2][query] GET https://serviceusage.googleapis.com/v1/projects/eliminarlo2/services/runtimeconfig.googleapis.com [none]
[debug] [2022-11-30T18:18:15.566Z] >>> [apiv2][(partial)header] GET https://serviceusage.googleapis.com/v1/projects/eliminarlo2/services/runtimeconfig.googleapis.com x-goog-quota-user=projects/eliminarlo2
[debug] [2022-11-30T18:18:15.567Z] >>> [apiv2][query] GET https://serviceusage.googleapis.com/v1/projects/eliminarlo2/services/cloudbuild.googleapis.com [none]
[debug] [2022-11-30T18:18:15.567Z] >>> [apiv2][(partial)header] GET https://serviceusage.googleapis.com/v1/projects/eliminarlo2/services/cloudbuild.googleapis.com x-goog-quota-user=projects/eliminarlo2
[debug] [2022-11-30T18:18:15.567Z] >>> [apiv2][query] GET https://serviceusage.googleapis.com/v1/projects/eliminarlo2/services/artifactregistry.googleapis.com [none]
[debug] [2022-11-30T18:18:15.568Z] >>> [apiv2][(partial)header] GET https://serviceusage.googleapis.com/v1/projects/eliminarlo2/services/artifactregistry.googleapis.com x-goog-quota-user=projects/eliminarlo2
[debug] [2022-11-30T18:18:16.687Z] <<< [apiv2][status] GET https://serviceusage.googleapis.com/v1/projects/eliminarlo2/services/artifactregistry.googleapis.com 200
[debug] [2022-11-30T18:18:16.687Z] <<< [apiv2][body] GET https://serviceusage.googleapis.com/v1/projects/eliminarlo2/services/artifactregistry.googleapis.com [omitted]
[info] +  artifactregistry: required API artifactregistry.googleapis.com is enabled 
[debug] [2022-11-30T18:18:16.704Z] <<< [apiv2][status] GET https://serviceusage.googleapis.com/v1/projects/eliminarlo2/services/cloudfunctions.googleapis.com 200
[debug] [2022-11-30T18:18:16.704Z] <<< [apiv2][body] GET https://serviceusage.googleapis.com/v1/projects/eliminarlo2/services/cloudfunctions.googleapis.com [omitted]
[info] +  functions: required API cloudfunctions.googleapis.com is enabled 
[debug] [2022-11-30T18:18:16.705Z] <<< [apiv2][status] GET https://serviceusage.googleapis.com/v1/projects/eliminarlo2/services/cloudbuild.googleapis.com 200
[debug] [2022-11-30T18:18:16.705Z] <<< [apiv2][body] GET https://serviceusage.googleapis.com/v1/projects/eliminarlo2/services/cloudbuild.googleapis.com [omitted]
[info] +  functions: required API cloudbuild.googleapis.com is enabled 
[debug] [2022-11-30T18:18:16.745Z] <<< [apiv2][status] GET https://serviceusage.googleapis.com/v1/projects/eliminarlo2/services/runtimeconfig.googleapis.com 200
[debug] [2022-11-30T18:18:16.745Z] <<< [apiv2][body] GET https://serviceusage.googleapis.com/v1/projects/eliminarlo2/services/runtimeconfig.googleapis.com [omitted]
[debug] [2022-11-30T18:18:16.745Z] >>> [apiv2][query] GET https://firebase.googleapis.com/v1beta1/projects/eliminarlo2/adminSdkConfig [none]
[debug] [2022-11-30T18:18:17.145Z] <<< [apiv2][status] GET https://firebase.googleapis.com/v1beta1/projects/eliminarlo2/adminSdkConfig 200
[debug] [2022-11-30T18:18:17.145Z] <<< [apiv2][body] GET https://firebase.googleapis.com/v1beta1/projects/eliminarlo2/adminSdkConfig {"projectId":"eliminarlo2","storageBucket":"eliminarlo2.appspot.com"}
[debug] [2022-11-30T18:18:17.147Z] >>> [apiv2][query] GET https://runtimeconfig.googleapis.com/v1beta1/projects/eliminarlo2/configs [none]
[debug] [2022-11-30T18:18:17.755Z] <<< [apiv2][status] GET https://runtimeconfig.googleapis.com/v1beta1/projects/eliminarlo2/configs 200
[debug] [2022-11-30T18:18:17.755Z] <<< [apiv2][body] GET https://runtimeconfig.googleapis.com/v1beta1/projects/eliminarlo2/configs {}
[info] i  functions: preparing codebase default for deployment 
